<?xml version="1.0" encoding="UTF-8"?>
<!-- Generated by org.testng.reporters.JUnitXMLReporter -->
<testsuite hostname="ATMECSINLT-085" ignored="0" name="Test" tests="3" failures="1" timestamp="07 Oct 2019 16:36:16 GMT" time="61.82" errors="0">
  <testcase name="validateKonakart" time="11.407" classname="com.atmecs.konakart.testscripts.WelcomePage"/>
  <testcase name="validateKonakart" time="4.309" classname="com.atmecs.konakart.testscripts.WelcomePage"/>
  <testcase name="validateKonakart" time="0.078" classname="com.atmecs.konakart.testscripts.WelcomePage">
    <failure type="java.lang.NumberFormatException" message="For input string: &amp;quot;5.0&amp;quot;">
      <![CDATA[java.lang.NumberFormatException: For input string: "5.0"
at java.lang.NumberFormatException.forInputString(Unknown Source)
at java.lang.Integer.parseInt(Unknown Source)
at java.lang.Integer.parseInt(Unknown Source)
at com.atmecs.konakart.pages.KonakartPage.konakartValidate(KonakartPage.java:16)
at com.atmecs.konakart.testscripts.WelcomePage.validateKonakart(WelcomePage.java:36)
... Removed 26 stack frames]]>
    </failure>
  </testcase> <!-- validateKonakart -->
</testsuite> <!-- Test -->
