<?xml version="1.0" encoding="UTF-8"?>
<testng-results skipped="0" failed="1" ignored="0" total="4" passed="3">
  <reporter-output>
  </reporter-output>
  <suite name="Suite" duration-ms="0" started-at="2019-10-07T16:37:37Z" finished-at="2019-10-07T16:37:37Z">
    <groups>
    </groups>
  </suite> <!-- Suite -->
  <suite name="Suite (1)" duration-ms="77878" started-at="2019-10-07T16:36:18Z" finished-at="2019-10-07T16:37:35Z">
    <groups>
    </groups>
    <test name="Test" duration-ms="77878" started-at="2019-10-07T16:36:18Z" finished-at="2019-10-07T16:37:35Z">
      <class name="com.atmecs.konakart.testscripts.HeroImage">
        <test-method status="PASS" signature="baseSetup()[pri:0, instance:com.atmecs.konakart.testscripts.HeroImage@31a5c39e]" name="baseSetup" is-config="true" duration-ms="28113" started-at="2019-10-07T16:36:18Z" finished-at="2019-10-07T16:36:46Z">
          <reporter-output>
          </reporter-output>
        </test-method> <!-- baseSetup -->
        <test-method status="PASS" signature="startReport()[pri:0, instance:com.atmecs.konakart.testscripts.HeroImage@31a5c39e]" name="startReport" is-config="true" duration-ms="0" started-at="2019-10-07T16:36:18Z" finished-at="2019-10-07T16:36:18Z">
          <reporter-output>
          </reporter-output>
        </test-method> <!-- startReport -->
        <test-method status="PASS" signature="validateHeroImage([Ljava.lang.String;)[pri:0, instance:com.atmecs.konakart.testscripts.HeroImage@31a5c39e]" name="validateHeroImage" duration-ms="49376" started-at="2019-10-07T16:36:46Z" data-provider="productdata" finished-at="2019-10-07T16:37:35Z">
          <params>
            <param index="0">
              <value>
                <![CDATA[[Ljava.lang.String;@b9dfc5a]]>
              </value>
            </param>
          </params>
          <reporter-output>
          </reporter-output>
        </test-method> <!-- validateHeroImage -->
        <test-method status="PASS" signature="tearDown(org.testng.ITestResult)[pri:0, instance:com.atmecs.konakart.testscripts.HeroImage@31a5c39e]" name="tearDown" is-config="true" duration-ms="337" started-at="2019-10-07T16:37:35Z" finished-at="2019-10-07T16:37:35Z">
          <params>
            <param index="0">
              <value>
                <![CDATA[[TestResult name=validateHeroImage status=SUCCESS method=HeroImage.validateHeroImage([Ljava.lang.String;)[pri:0, instance:com.atmecs.konakart.testscripts.HeroImage@31a5c39e] output={null}]]]>
              </value>
            </param>
          </params>
          <reporter-output>
          </reporter-output>
        </test-method> <!-- tearDown -->
        <test-method status="PASS" signature="endReport()[pri:0, instance:com.atmecs.konakart.testscripts.HeroImage@31a5c39e]" name="endReport" is-config="true" duration-ms="1077" started-at="2019-10-07T16:37:35Z" finished-at="2019-10-07T16:37:37Z">
          <reporter-output>
          </reporter-output>
        </test-method> <!-- endReport -->
      </class> <!-- com.atmecs.konakart.testscripts.HeroImage -->
    </test> <!-- Test -->
  </suite> <!-- Suite (1) -->
  <suite name="Suite (0)" duration-ms="61820" started-at="2019-10-07T16:35:14Z" finished-at="2019-10-07T16:36:16Z">
    <groups>
    </groups>
    <test name="Test" duration-ms="61820" started-at="2019-10-07T16:35:14Z" finished-at="2019-10-07T16:36:16Z">
      <class name="com.atmecs.konakart.testscripts.WelcomePage">
        <test-method status="PASS" signature="startReport()[pri:0, instance:com.atmecs.konakart.testscripts.WelcomePage@343f4d3d]" name="startReport" is-config="true" duration-ms="265" started-at="2019-10-07T16:35:14Z" finished-at="2019-10-07T16:35:14Z">
          <reporter-output>
          </reporter-output>
        </test-method> <!-- startReport -->
        <test-method status="PASS" signature="baseSetup()[pri:0, instance:com.atmecs.konakart.testscripts.WelcomePage@343f4d3d]" name="baseSetup" is-config="true" duration-ms="44113" started-at="2019-10-07T16:35:14Z" finished-at="2019-10-07T16:35:58Z">
          <reporter-output>
          </reporter-output>
        </test-method> <!-- baseSetup -->
        <test-method status="PASS" signature="validateKonakart([Ljava.lang.String;)[pri:0, instance:com.atmecs.konakart.testscripts.WelcomePage@343f4d3d]" name="validateKonakart" duration-ms="11407" started-at="2019-10-07T16:35:59Z" data-provider="welcomedata" finished-at="2019-10-07T16:36:11Z">
          <params>
            <param index="0">
              <value>
                <![CDATA[[Ljava.lang.String;@403132fc]]>
              </value>
            </param>
          </params>
          <reporter-output>
          </reporter-output>
        </test-method> <!-- validateKonakart -->
        <test-method status="PASS" signature="tearDown(org.testng.ITestResult)[pri:0, instance:com.atmecs.konakart.testscripts.WelcomePage@343f4d3d]" name="tearDown" is-config="true" duration-ms="451" started-at="2019-10-07T16:36:11Z" finished-at="2019-10-07T16:36:11Z">
          <params>
            <param index="0">
              <value>
                <![CDATA[[TestResult name=validateKonakart status=SUCCESS method=WelcomePage.validateKonakart([Ljava.lang.String;)[pri:0, instance:com.atmecs.konakart.testscripts.WelcomePage@343f4d3d] output={null}]]]>
              </value>
            </param>
          </params>
          <reporter-output>
          </reporter-output>
        </test-method> <!-- tearDown -->
        <test-method status="PASS" signature="validateKonakart([Ljava.lang.String;)[pri:0, instance:com.atmecs.konakart.testscripts.WelcomePage@343f4d3d]" name="validateKonakart" duration-ms="4309" started-at="2019-10-07T16:36:11Z" data-provider="welcomedata" finished-at="2019-10-07T16:36:15Z">
          <params>
            <param index="0">
              <value>
                <![CDATA[[Ljava.lang.String;@71c5b236]]>
              </value>
            </param>
          </params>
          <reporter-output>
          </reporter-output>
        </test-method> <!-- validateKonakart -->
        <test-method status="PASS" signature="tearDown(org.testng.ITestResult)[pri:0, instance:com.atmecs.konakart.testscripts.WelcomePage@343f4d3d]" name="tearDown" is-config="true" duration-ms="332" started-at="2019-10-07T16:36:15Z" finished-at="2019-10-07T16:36:16Z">
          <params>
            <param index="0">
              <value>
                <![CDATA[[TestResult name=validateKonakart status=SUCCESS method=WelcomePage.validateKonakart([Ljava.lang.String;)[pri:0, instance:com.atmecs.konakart.testscripts.WelcomePage@343f4d3d] output={null}]]]>
              </value>
            </param>
          </params>
          <reporter-output>
          </reporter-output>
        </test-method> <!-- tearDown -->
        <test-method status="FAIL" signature="validateKonakart([Ljava.lang.String;)[pri:0, instance:com.atmecs.konakart.testscripts.WelcomePage@343f4d3d]" name="validateKonakart" duration-ms="78" started-at="2019-10-07T16:36:16Z" data-provider="welcomedata" finished-at="2019-10-07T16:36:16Z">
          <params>
            <param index="0">
              <value>
                <![CDATA[[Ljava.lang.String;@7f69d591]]>
              </value>
            </param>
          </params>
          <exception class="java.lang.NumberFormatException">
            <message>
              <![CDATA[For input string: "5.0"]]>
            </message>
            <full-stacktrace>
              <![CDATA[java.lang.NumberFormatException: For input string: "5.0"
at java.lang.NumberFormatException.forInputString(Unknown Source)
at java.lang.Integer.parseInt(Unknown Source)
at java.lang.Integer.parseInt(Unknown Source)
at com.atmecs.konakart.pages.KonakartPage.konakartValidate(KonakartPage.java:16)
at com.atmecs.konakart.testscripts.WelcomePage.validateKonakart(WelcomePage.java:36)
at sun.reflect.NativeMethodAccessorImpl.invoke0(Native Method)
at sun.reflect.NativeMethodAccessorImpl.invoke(Unknown Source)
at sun.reflect.DelegatingMethodAccessorImpl.invoke(Unknown Source)
at java.lang.reflect.Method.invoke(Unknown Source)
at org.testng.internal.MethodInvocationHelper.invokeMethod(MethodInvocationHelper.java:124)
at org.testng.internal.Invoker.invokeMethod(Invoker.java:583)
at org.testng.internal.Invoker.invokeTestMethod(Invoker.java:719)
at org.testng.internal.Invoker.invokeTestMethods(Invoker.java:989)
at org.testng.internal.TestMethodWorker.invokeTestMethods(TestMethodWorker.java:125)
at org.testng.internal.TestMethodWorker.run(TestMethodWorker.java:109)
at org.testng.TestRunner.privateRun(TestRunner.java:648)
at org.testng.TestRunner.run(TestRunner.java:505)
at org.testng.SuiteRunner.runTest(SuiteRunner.java:455)
at org.testng.SuiteRunner.runSequentially(SuiteRunner.java:450)
at org.testng.SuiteRunner.privateRun(SuiteRunner.java:415)
at org.testng.SuiteRunner.run(SuiteRunner.java:364)
at org.testng.SuiteRunnerWorker.runSuite(SuiteRunnerWorker.java:52)
at org.testng.SuiteRunnerWorker.run(SuiteRunnerWorker.java:84)
at org.testng.TestNG.runSuitesSequentially(TestNG.java:1208)
at org.testng.TestNG.runSuitesSequentially(TestNG.java:1204)
at org.testng.TestNG.runSuitesLocally(TestNG.java:1137)
at org.testng.TestNG.runSuites(TestNG.java:1049)
at org.testng.TestNG.run(TestNG.java:1017)
at org.testng.remote.AbstractRemoteTestNG.run(AbstractRemoteTestNG.java:115)
at org.testng.remote.RemoteTestNG.initAndRun(RemoteTestNG.java:251)
at org.testng.remote.RemoteTestNG.main(RemoteTestNG.java:77)
]]>
            </full-stacktrace>
          </exception> <!-- java.lang.NumberFormatException -->
          <reporter-output>
          </reporter-output>
        </test-method> <!-- validateKonakart -->
        <test-method status="PASS" signature="tearDown(org.testng.ITestResult)[pri:0, instance:com.atmecs.konakart.testscripts.WelcomePage@343f4d3d]" name="tearDown" is-config="true" duration-ms="306" started-at="2019-10-07T16:36:16Z" finished-at="2019-10-07T16:36:16Z">
          <params>
            <param index="0">
              <value>
                <![CDATA[[TestResult name=validateKonakart status=FAILURE method=WelcomePage.validateKonakart([Ljava.lang.String;)[pri:0, instance:com.atmecs.konakart.testscripts.WelcomePage@343f4d3d] output={null}]]]>
              </value>
            </param>
          </params>
          <reporter-output>
          </reporter-output>
        </test-method> <!-- tearDown -->
        <test-method status="PASS" signature="endReport()[pri:0, instance:com.atmecs.konakart.testscripts.WelcomePage@343f4d3d]" name="endReport" is-config="true" duration-ms="1365" started-at="2019-10-07T16:36:16Z" finished-at="2019-10-07T16:36:18Z">
          <reporter-output>
          </reporter-output>
        </test-method> <!-- endReport -->
      </class> <!-- com.atmecs.konakart.testscripts.WelcomePage -->
    </test> <!-- Test -->
  </suite> <!-- Suite (0) -->
</testng-results>
